<?xml version="1.0" encoding="UTF-8"?>
<testsuite xmlns:xsi="http://www.w3.org/2001/XMLSchema-instance" xsi:noNamespaceSchemaLocation="https://maven.apache.org/surefire/maven-surefire-plugin/xsd/surefire-test-report-3.0.xsd" version="3.0" name="com.quizbackend.QuizbackendApplicationTests" time="16.45" tests="1" errors="0" skipped="0" failures="0">
  <properties>
[...]
</properties>
  <testcase name="contextLoads" classname="com.quizbackend.QuizbackendApplicationTests" time="0.974">
    <system-out><![CDATA[17:32:06.689 [main] INFO org.springframework.test.context.support.AnnotationConfigContextLoaderUtils -- Could not detect default configuration classes for test class [com.quizbackend.QuizbackendApplicationTests]: QuizbackendApplicationTests does not declare any static, non-private, non-final, nested classes annotated with @Configuration.
17:32:07.055 [main] INFO org.springframework.boot.test.context.SpringBootTestContextBootstrapper -- Found @SpringBootConfiguration com.quizbackend.QuizbackendApplication for test class com.quizbackend.QuizbackendApplicationTests

  .   ____          _            __ _ _
 /\\ / ___'_ __ _ _(_)_ __  __ _ \ \ \ \
( ( )\___ | '_ | '_| | '_ \/ _` | \ \ \ \
 \\/  ___)| |_)| | | | | || (_| |  ) ) ) )
  '  |____| .__|_| |_|_| |_\__, | / / / /
 =========|_|==============|___/=/_/_/_/

 :: Spring Boot ::                (v3.3.4)

2025-11-15T17:32:08.067+01:00  INFO 450455 --- [quizbackend] [           main] c.q.QuizbackendApplicationTests          : Starting QuizbackendApplicationTests using Java 21.0.9-ea with PID 450455 (started by sevil in /home/sevil/Desktop/quizproject/quizbackend)
2025-11-15T17:32:08.073+01:00  INFO 450455 --- [quizbackend] [           main] c.q.QuizbackendApplicationTests          : No active profile set, falling back to 1 default profile: "default"
2025-11-15T17:32:10.118+01:00  INFO 450455 --- [quizbackend] [           main] .s.d.r.c.RepositoryConfigurationDelegate : Bootstrapping Spring Data JPA repositories in DEFAULT mode.
2025-11-15T17:32:10.308+01:00  INFO 450455 --- [quizbackend] [           main] .s.d.r.c.RepositoryConfigurationDelegate : Finished Spring Data repository scanning in 177 ms. Found 10 JPA repository interfaces.
2025-11-15T17:32:11.813+01:00  INFO 450455 --- [quizbackend] [           main] o.hibernate.jpa.internal.util.LogHelper  : HHH000204: Processing PersistenceUnitInfo [name: default]
2025-11-15T17:32:11.947+01:00  INFO 450455 --- [quizbackend] [           main] org.hibernate.Version                    : HHH000412: Hibernate ORM core version 6.5.3.Final
2025-11-15T17:32:12.093+01:00  INFO 450455 --- [quizbackend] [           main] o.h.c.internal.RegionFactoryInitiator    : HHH000026: Second-level cache disabled
2025-11-15T17:32:12.723+01:00  INFO 450455 --- [quizbackend] [           main] o.s.o.j.p.SpringPersistenceUnitInfo      : No LoadTimeWeaver setup: ignoring JPA class transformer
2025-11-15T17:32:12.790+01:00  INFO 450455 --- [quizbackend] [           main] com.zaxxer.hikari.HikariDataSource       : HikariPool-1 - Starting...
2025-11-15T17:32:13.642+01:00  INFO 450455 --- [quizbackend] [           main] com.zaxxer.hikari.pool.HikariPool        : HikariPool-1 - Added connection com.mysql.cj.jdbc.ConnectionImpl@5d32c1c7
2025-11-15T17:32:13.649+01:00  INFO 450455 --- [quizbackend] [           main] com.zaxxer.hikari.HikariDataSource       : HikariPool-1 - Start completed.
2025-11-15T17:32:13.752+01:00  WARN 450455 --- [quizbackend] [           main] o.h.e.j.e.i.JdbcEnvironmentInitiator     : HHH000339: Could not obtain connection metadata: java.sql.SQLSyntaxErrorException: Unknown column 'RESERVED' in 'WHERE'
2025-11-15T17:32:13.810+01:00  WARN 450455 --- [quizbackend] [           main] org.hibernate.orm.deprecation            : HHH90000025: MySQL8Dialect does not need to be specified explicitly using 'hibernate.dialect' (remove the property setting and it will be selected by default)
2025-11-15T17:32:13.813+01:00  WARN 450455 --- [quizbackend] [           main] org.hibernate.orm.deprecation            : HHH90000026: MySQL8Dialect has been deprecated; use org.hibernate.dialect.MySQLDialect instead
2025-11-15T17:32:16.364+01:00  INFO 450455 --- [quizbackend] [           main] o.h.e.t.j.p.i.JtaPlatformInitiator       : HHH000489: No JTA platform available (set 'hibernate.transaction.jta.platform' to enable JTA platform integration)
2025-11-15T17:32:16.749+01:00 DEBUG 450455 --- [quizbackend] [           main] org.hibernate.SQL                        : 
    alter table questions 
       modify column question_text TEXT not null
Hibernate: 
    alter table questions 
       modify column question_text TEXT not null
2025-11-15T17:32:16.789+01:00 DEBUG 450455 --- [quizbackend] [           main] org.hibernate.SQL                        : 
    alter table quizzes 
       modify column description TEXT
Hibernate: 
    alter table quizzes 
       modify column description TEXT
2025-11-15T17:32:16.820+01:00 DEBUG 450455 --- [quizbackend] [           main] org.hibernate.SQL                        : 
    alter table responses 
       modify column response_text TEXT
Hibernate: 
    alter table responses 
       modify column response_text TEXT
2025-11-15T17:32:17.088+01:00  INFO 450455 --- [quizbackend] [           main] j.LocalContainerEntityManagerFactoryBean : Initialized JPA EntityManagerFactory for persistence unit 'default'
2025-11-15T17:32:18.111+01:00  INFO 450455 --- [quizbackend] [           main] o.s.d.j.r.query.QueryEnhancerFactory     : Hibernate is in classpath; If applicable, HQL parser will be used.
2025-11-15T17:32:19.979+01:00  WARN 450455 --- [quizbackend] [           main] JpaBaseConfiguration$JpaWebConfiguration : spring.jpa.open-in-view is enabled by default. Therefore, database queries may be performed during view rendering. Explicitly configure spring.jpa.open-in-view to disable this warning
2025-11-15T17:32:20.022+01:00  WARN 450455 --- [quizbackend] [           main] .s.s.UserDetailsServiceAutoConfiguration : 

Using generated security password: 1e306cb6-7a2f-445d-91c1-134cc0a3a398

This generated password is for development use only. Your security configuration must be updated before running your application in production.

2025-11-15T17:32:20.037+01:00  INFO 450455 --- [quizbackend] [           main] r$InitializeUserDetailsManagerConfigurer : Global AuthenticationManager configured with UserDetailsService bean with name inMemoryUserDetailsManager
2025-11-15T17:32:21.481+01:00  INFO 450455 --- [quizbackend] [           main] c.q.QuizbackendApplicationTests          : Started QuizbackendApplicationTests in 14.007 seconds (process running for 16.338)
2025-11-15T17:32:21.664+01:00 DEBUG 450455 --- [quizbackend] [           main] org.hibernate.SQL                        : 
    select
        u1_0.id 
    from
        users u1_0 
    where
        u1_0.username=? 
    limit
        ?
Hibernate: 
    select
        u1_0.id 
    from
        users u1_0 
    where
        u1_0.username=? 
    limit
        ?
2025-11-15T17:32:21.714+01:00 DEBUG 450455 --- [quizbackend] [           main] org.hibernate.SQL                        : 
    select
        count(*) 
    from
        subscriptions s1_0
Hibernate: 
    select
        count(*) 
    from
        subscriptions s1_0
]]></system-out>
    <system-err><![CDATA[WARNING: A Java agent has been loaded dynamically (/home/sevil/.m2/repository/net/bytebuddy/byte-buddy-agent/1.14.19/byte-buddy-agent-1.14.19.jar)
WARNING: If a serviceability tool is in use, please run with -XX:+EnableDynamicAgentLoading to hide this warning
WARNING: If a serviceability tool is not in use, please run with -Djdk.instrument.traceUsage for more information
WARNING: Dynamic loading of agents will be disallowed by default in a future release
]]></system-err>
  </testcase>
</testsuite>